[2021-10-11 11:04:06.060] [info] Checking for update
[2021-10-11 11:04:06.463] [info] Generated new staging user ID: cddc9784-1ea4-5217-a0bf-8e2f5442ecdc
[2021-10-11 11:04:06.898] [error] Error: Error: net::ERR_NAME_NOT_RESOLVED
    at SimpleURLLoaderWrapper.<anonymous> (electron/js2c/browser_init.js:105:6536)
    at SimpleURLLoaderWrapper.emit (events.js:315:20)
    at SimpleURLLoaderWrapper.EventEmitter.emit (domain.js:483:12)
[2021-10-11 11:04:40.811] [info] Checking for update
[2021-10-11 11:04:41.218] [error] Error: Error: net::ERR_NAME_NOT_RESOLVED
    at SimpleURLLoaderWrapper.<anonymous> (electron/js2c/browser_init.js:105:6536)
    at SimpleURLLoaderWrapper.emit (events.js:315:20)
    at SimpleURLLoaderWrapper.EventEmitter.emit (domain.js:483:12)
[2021-10-11 21:48:05.401] [info] Checking for update
[2021-10-11 21:48:13.663] [info] Update for version 1.0.1 is not available (latest version: 1.0.1, downgrade is disallowed).
[2021-10-12 00:07:54.492] [info] Checking for update
[2021-10-12 00:07:55.968] [info] Update for version 1.0.1 is not available (latest version: 1.0.1, downgrade is disallowed).
[2021-10-12 00:56:18.589] [info] Checking for update
[2021-10-12 00:56:20.089] [info] Update for version 1.0.1 is not available (latest version: 1.0.1, downgrade is disallowed).
[2021-10-12 22:00:01.476] [info] Checking for update
[2021-10-12 22:00:02.345] [info] Update for version 1.0.1 is not available (latest version: 1.0.1, downgrade is disallowed).
[2021-10-13 03:42:30.234] [info] Checking for update
[2021-10-13 03:42:32.061] [info] Update for version 1.0.1 is not available (latest version: 1.0.1, downgrade is disallowed).
[2021-10-13 05:09:03.728] [info] Checking for update
[2021-10-13 05:09:14.302] [error] Error: Error: net::ERR_INTERNET_DISCONNECTED
    at SimpleURLLoaderWrapper.<anonymous> (electron/js2c/browser_init.js:105:6536)
    at SimpleURLLoaderWrapper.emit (events.js:315:20)
    at SimpleURLLoaderWrapper.EventEmitter.emit (domain.js:483:12)
[2021-10-13 05:10:19.200] [info] Checking for update
[2021-10-13 05:10:20.059] [info] Update for version 1.0.1 is not available (latest version: 1.0.1, downgrade is disallowed).
[2021-10-13 19:00:53.329] [info] Checking for update
[2021-10-13 19:00:54.154] [info] Update for version 1.0.1 is not available (latest version: 1.0.1, downgrade is disallowed).
[2021-10-14 21:14:31.850] [info] Checking for update
[2021-10-14 21:14:33.212] [info] Update for version 1.0.1 is not available (latest version: 1.0.1, downgrade is disallowed).
[2021-10-14 21:51:07.278] [info] Checking for update
[2021-10-14 21:51:08.063] [info] Update for version 1.0.1 is not available (latest version: 1.0.1, downgrade is disallowed).
[2021-10-15 02:45:26.225] [info] Checking for update
[2021-10-15 02:45:32.612] [info] Update for version 1.0.1 is not available (latest version: 1.0.1, downgrade is disallowed).
[2021-10-15 20:12:19.722] [info] Checking for update
[2021-10-15 20:12:20.572] [info] Update for version 1.0.1 is not available (latest version: 1.0.1, downgrade is disallowed).
[2021-10-16 15:11:04.606] [info] Checking for update
[2021-10-16 15:11:15.101] [error] Error: Error: net::ERR_INTERNET_DISCONNECTED
    at SimpleURLLoaderWrapper.<anonymous> (electron/js2c/browser_init.js:105:6536)
    at SimpleURLLoaderWrapper.emit (events.js:315:20)
    at SimpleURLLoaderWrapper.EventEmitter.emit (domain.js:483:12)
[2021-10-16 15:12:02.301] [info] Checking for update
[2021-10-16 15:12:03.145] [info] Update for version 1.0.1 is not available (latest version: 1.0.1, downgrade is disallowed).
[2021-10-04 15:50:13.520] [info] Checking for update
[2021-10-04 15:50:22.118] [info] Update for version 1.0.1 is not available (latest version: 1.0.1, downgrade is disallowed).
[2021-10-18 19:46:25.778] [info] Checking for update
[2021-10-18 19:46:26.593] [info] Update for version 1.0.1 is not available (latest version: 1.0.1, downgrade is disallowed).
[2021-10-18 22:43:58.008] [info] Checking for update
[2021-10-18 22:43:58.857] [info] Update for version 1.0.1 is not available (latest version: 1.0.1, downgrade is disallowed).
[2021-11-05 22:19:01.956] [info] Checking for update
[2021-11-05 22:19:02.796] [info] Update for version 1.0.1 is not available (latest version: 1.0.1, downgrade is disallowed).
[2021-11-05 22:21:43.494] [info] Checking for update
[2021-11-05 22:21:44.413] [info] Update for version 1.0.1 is not available (latest version: 1.0.1, downgrade is disallowed).
[2021-11-09 21:48:04.648] [info] Checking for update
[2021-11-09 21:48:07.840] [info] Update for version 1.0.1 is not available (latest version: 1.0.1, downgrade is disallowed).
[2021-11-15 21:55:36.076] [info] Checking for update
[2021-11-15 21:55:36.911] [info] Update for version 1.0.1 is not available (latest version: 1.0.1, downgrade is disallowed).
[2021-11-15 23:19:08.464] [info] Checking for update
[2021-11-15 23:19:09.525] [info] Update for version 1.0.1 is not available (latest version: 1.0.1, downgrade is disallowed).
[2021-11-16 21:55:06.034] [info] Checking for update
[2021-11-16 21:55:07.426] [info] Update for version 1.0.1 is not available (latest version: 1.0.1, downgrade is disallowed).
[2021-11-16 21:55:25.601] [info] Checking for update
[2021-11-16 21:55:26.516] [info] Update for version 1.0.1 is not available (latest version: 1.0.1, downgrade is disallowed).
[2021-11-16 22:58:31.275] [info] Checking for update
[2021-11-16 22:58:32.421] [info] Update for version 1.0.1 is not available (latest version: 1.0.1, downgrade is disallowed).
[2021-11-20 21:43:56.578] [info] Checking for update
[2021-11-20 21:43:57.607] [info] Found version 1.0.2 (url: Todoist-1.0.2.AppImage)
[2021-11-20 21:43:57.608] [info] Downloading update from Todoist-1.0.2.AppImage
[2021-11-20 21:44:00.375] [info] File has 355 changed blocks
[2021-11-20 21:44:00.401] [info] Full: 82,754.74 KB, To download: 7,471.08 KB (9%)
[2021-11-20 21:44:08.031] [info] New version 1.0.2 has been downloaded to /home/sh1n164m1/.cache/todoist-updater/pending/Todoist-1.0.2.AppImage
[2021-11-20 21:45:23.293] [info] Auto install update on quit
[2021-11-20 21:45:23.294] [info] Install: isSilent: true, isForceRunAfter: false
[2021-11-20 21:45:23.296] [error] Error: Error: EACCES: permission denied, unlink '/opt/todoist-appimage/todoist-appimage.AppImage'
    at unlinkSync (fs.js:1140:3)
    at AppImageUpdater.doInstall (/tmp/.mount_todois6ZJnOb/resources/app.asar/node_modules/electron-updater/out/AppImageUpdater.js:146:24)
    at AppImageUpdater.install (/tmp/.mount_todois6ZJnOb/resources/app.asar/node_modules/electron-updater/out/BaseUpdater.js:71:19)
    at /tmp/.mount_todois6ZJnOb/resources/app.asar/node_modules/electron-updater/out/BaseUpdater.js:104:12
    at App.<anonymous> (/tmp/.mount_todois6ZJnOb/resources/app.asar/node_modules/electron-updater/out/ElectronAppAdapter.js:62:44)
    at Object.onceWrapper (events.js:422:26)
    at App.emit (events.js:327:22)
    at App.EventEmitter.emit (domain.js:483:12)
    at App.emitter.emit (/tmp/.mount_todois6ZJnOb/resources/app.asar/node_modules/@sentry/electron/dist/main/integrations/electron.js:63:25)
    at App.<anonymous> (/tmp/.mount_todois6ZJnOb/resources/app.asar/webpack/electron/electron.js:1:33050)
[2021-11-22 15:53:37.595] [info] Checking for update
[2021-11-22 15:53:38.380] [info] Found version 1.0.2 (url: Todoist-1.0.2.AppImage)
[2021-11-22 15:53:38.381] [info] Downloading update from Todoist-1.0.2.AppImage
[2021-11-24 21:16:21.745] [info] Checking for update
[2021-11-24 21:16:22.838] [info] Update for version 1.0.2 is not available (latest version: 1.0.2, downgrade is disallowed).
[2022-01-28 19:26:58.012] [info] Checking for update
[2022-01-28 19:26:58.511] [info] Update for version 1.0.3 is not available (latest version: 1.0.3, downgrade is disallowed).
[2022-01-28 21:10:41.391] [info] Checking for update
[2022-01-28 21:10:42.986] [info] Update for version 1.0.3 is not available (latest version: 1.0.3, downgrade is disallowed).
[2022-02-14 12:26:10.699] [info] Checking for update
[2022-02-14 12:26:12.412] [info] Found version 1.0.5 (url: Todoist-1.0.5.AppImage)
[2022-02-14 12:26:12.412] [info] Downloading update from Todoist-1.0.5.AppImage
[2022-02-14 12:26:13.805] [info] File has 5146 changed blocks
[2022-02-14 12:26:13.838] [info] Full: 105,951.36 KB, To download: 105,576.09 KB (100%)
[2022-02-15 11:17:32.117] [info] Checking for update
[2022-02-15 11:17:32.425] [error] Error: Error: net::ERR_INTERNET_DISCONNECTED
    at SimpleURLLoaderWrapper.<anonymous> (electron/js2c/browser_init.js:105:6536)
    at SimpleURLLoaderWrapper.emit (events.js:315:20)
    at SimpleURLLoaderWrapper.EventEmitter.emit (domain.js:483:12)
[2022-02-15 21:58:15.803] [info] Checking for update
[2022-02-15 21:58:16.421] [info] Found version 1.0.5 (url: Todoist-1.0.5.AppImage)
[2022-02-15 21:58:16.422] [info] Downloading update from Todoist-1.0.5.AppImage
[2022-02-15 21:58:16.663] [info] File has 5146 changed blocks
[2022-02-15 21:58:16.716] [info] Full: 105,951.36 KB, To download: 105,576.09 KB (100%)
[2022-02-15 23:27:57.845] [info] Checking for update
[2022-02-15 23:27:58.626] [info] Found version 1.0.5 (url: Todoist-1.0.5.AppImage)
[2022-02-15 23:27:58.627] [info] Downloading update from Todoist-1.0.5.AppImage
[2022-02-15 23:27:58.822] [info] File has 5146 changed blocks
[2022-02-15 23:27:58.868] [info] Full: 105,951.36 KB, To download: 105,576.09 KB (100%)
[2022-02-15 23:28:17.788] [info] New version 1.0.5 has been downloaded to /home/cr1m50nr34p3r/.cache/todoist-updater/pending/Todoist-1.0.5.AppImage
[2022-02-16 00:10:46.314] [info] Auto install update on quit
[2022-02-16 00:10:46.315] [info] Install: isSilent: true, isForceRunAfter: false
[2022-02-16 00:10:46.316] [error] Error: Error: EACCES: permission denied, unlink '/opt/todoist-appimage/todoist-appimage.AppImage'
    at unlinkSync (fs.js:1140:3)
    at AppImageUpdater.doInstall (/tmp/.mount_todoisaMIq6a/resources/app.asar/node_modules/electron-updater/out/AppImageUpdater.js:146:24)
    at AppImageUpdater.install (/tmp/.mount_todoisaMIq6a/resources/app.asar/node_modules/electron-updater/out/BaseUpdater.js:71:19)
    at /tmp/.mount_todoisaMIq6a/resources/app.asar/node_modules/electron-updater/out/BaseUpdater.js:104:12
    at App.<anonymous> (/tmp/.mount_todoisaMIq6a/resources/app.asar/node_modules/electron-updater/out/ElectronAppAdapter.js:62:44)
    at Object.onceWrapper (events.js:422:26)
    at App.emit (events.js:327:22)
    at App.EventEmitter.emit (domain.js:483:12)
    at App.emitter.emit (/tmp/.mount_todoisaMIq6a/resources/app.asar/node_modules/@sentry/electron/dist/main/integrations/electron.js:63:25)
    at App.<anonymous> (/tmp/.mount_todoisaMIq6a/resources/app.asar/webpack/electron/electron.js:1:34079)
[2022-02-16 02:07:37.305] [info] Checking for update
[2022-02-16 02:07:38.051] [info] Found version 1.0.5 (url: Todoist-1.0.5.AppImage)
[2022-02-16 02:07:38.052] [info] Downloading update from Todoist-1.0.5.AppImage
[2022-02-16 02:07:38.377] [info] Update has already been downloaded to /home/cr1m50nr34p3r/.cache/todoist-updater/pending/Todoist-1.0.5.AppImage).
[2022-02-16 02:08:29.247] [info] Auto install update on quit
[2022-02-16 02:08:29.248] [info] Install: isSilent: true, isForceRunAfter: false
[2022-02-16 02:08:29.250] [error] Error: Error: EACCES: permission denied, unlink '/opt/todoist-appimage/todoist-appimage.AppImage'
    at unlinkSync (fs.js:1140:3)
    at AppImageUpdater.doInstall (/tmp/.mount_todoisTfDQ61/resources/app.asar/node_modules/electron-updater/out/AppImageUpdater.js:146:24)
    at AppImageUpdater.install (/tmp/.mount_todoisTfDQ61/resources/app.asar/node_modules/electron-updater/out/BaseUpdater.js:71:19)
    at /tmp/.mount_todoisTfDQ61/resources/app.asar/node_modules/electron-updater/out/BaseUpdater.js:104:12
    at App.<anonymous> (/tmp/.mount_todoisTfDQ61/resources/app.asar/node_modules/electron-updater/out/ElectronAppAdapter.js:62:44)
    at Object.onceWrapper (events.js:422:26)
    at App.emit (events.js:327:22)
    at App.EventEmitter.emit (domain.js:483:12)
    at App.emitter.emit (/tmp/.mount_todoisTfDQ61/resources/app.asar/node_modules/@sentry/electron/dist/main/integrations/electron.js:63:25)
    at App.<anonymous> (/tmp/.mount_todoisTfDQ61/resources/app.asar/webpack/electron/electron.js:1:34079)
[2022-02-17 21:17:35.291] [info] Checking for update
[2022-02-17 21:17:35.976] [info] Found version 1.0.5 (url: Todoist-1.0.5.AppImage)
[2022-02-17 21:17:35.977] [info] Downloading update from Todoist-1.0.5.AppImage
[2022-02-17 21:17:36.337] [info] Update has already been downloaded to /home/cr1m50nr34p3r/.cache/todoist-updater/pending/Todoist-1.0.5.AppImage).
[2022-02-17 21:29:39.472] [info] Auto install update on quit
[2022-02-17 21:29:39.473] [info] Install: isSilent: true, isForceRunAfter: false
[2022-02-17 21:29:39.476] [error] Error: Error: EACCES: permission denied, unlink '/opt/todoist-appimage/todoist-appimage.AppImage'
    at unlinkSync (fs.js:1140:3)
    at AppImageUpdater.doInstall (/tmp/.mount_todoisDebDpj/resources/app.asar/node_modules/electron-updater/out/AppImageUpdater.js:146:24)
    at AppImageUpdater.install (/tmp/.mount_todoisDebDpj/resources/app.asar/node_modules/electron-updater/out/BaseUpdater.js:71:19)
    at /tmp/.mount_todoisDebDpj/resources/app.asar/node_modules/electron-updater/out/BaseUpdater.js:104:12
    at App.<anonymous> (/tmp/.mount_todoisDebDpj/resources/app.asar/node_modules/electron-updater/out/ElectronAppAdapter.js:62:44)
    at Object.onceWrapper (events.js:422:26)
    at App.emit (events.js:327:22)
    at App.EventEmitter.emit (domain.js:483:12)
    at App.emitter.emit (/tmp/.mount_todoisDebDpj/resources/app.asar/node_modules/@sentry/electron/dist/main/integrations/electron.js:63:25)
    at App.<anonymous> (/tmp/.mount_todoisDebDpj/resources/app.asar/webpack/electron/electron.js:1:34079)
[2022-02-18 01:02:22.710] [info] Checking for update
[2022-02-18 01:02:22.995] [error] Error: Error: net::ERR_INTERNET_DISCONNECTED
    at SimpleURLLoaderWrapper.<anonymous> (electron/js2c/browser_init.js:105:6536)
    at SimpleURLLoaderWrapper.emit (events.js:315:20)
    at SimpleURLLoaderWrapper.EventEmitter.emit (domain.js:483:12)
[2022-02-18 01:03:01.991] [info] Checking for update
[2022-02-18 01:03:02.288] [error] Error: Error: net::ERR_INTERNET_DISCONNECTED
    at SimpleURLLoaderWrapper.<anonymous> (electron/js2c/browser_init.js:105:6536)
    at SimpleURLLoaderWrapper.emit (events.js:315:20)
    at SimpleURLLoaderWrapper.EventEmitter.emit (domain.js:483:12)
[2022-02-19 22:29:35.587] [info] Checking for update
[2022-02-19 22:29:35.902] [error] Error: Error: net::ERR_INTERNET_DISCONNECTED
    at SimpleURLLoaderWrapper.<anonymous> (electron/js2c/browser_init.js:105:6536)
    at SimpleURLLoaderWrapper.emit (events.js:315:20)
    at SimpleURLLoaderWrapper.EventEmitter.emit (domain.js:483:12)
[2022-02-19 22:55:55.963] [info] Checking for update
[2022-02-19 22:55:56.485] [info] Found version 1.0.5 (url: Todoist-1.0.5.AppImage)
[2022-02-19 22:55:56.486] [info] Downloading update from Todoist-1.0.5.AppImage
[2022-02-19 22:55:56.809] [info] Update has already been downloaded to /home/cr1m50nr34p3r/.cache/todoist-updater/pending/Todoist-1.0.5.AppImage).
[2022-02-20 23:55:07.559] [info] Checking for update
[2022-02-20 23:55:08.794] [info] Found version 1.0.5 (url: Todoist-1.0.5.AppImage)
[2022-02-20 23:55:08.796] [info] Downloading update from Todoist-1.0.5.AppImage
[2022-02-20 23:55:09.102] [info] Update has already been downloaded to /home/cr1m50nr34p3r/.cache/todoist-updater/pending/Todoist-1.0.5.AppImage).
[2022-02-21 00:17:16.276] [info] Auto install update on quit
[2022-02-21 00:17:16.277] [info] Install: isSilent: true, isForceRunAfter: false
[2022-02-21 00:17:16.278] [error] Error: Error: EACCES: permission denied, unlink '/opt/todoist-appimage/todoist-appimage.AppImage'
    at unlinkSync (fs.js:1140:3)
    at AppImageUpdater.doInstall (/tmp/.mount_todoisFh38pO/resources/app.asar/node_modules/electron-updater/out/AppImageUpdater.js:146:24)
    at AppImageUpdater.install (/tmp/.mount_todoisFh38pO/resources/app.asar/node_modules/electron-updater/out/BaseUpdater.js:71:19)
    at /tmp/.mount_todoisFh38pO/resources/app.asar/node_modules/electron-updater/out/BaseUpdater.js:104:12
    at App.<anonymous> (/tmp/.mount_todoisFh38pO/resources/app.asar/node_modules/electron-updater/out/ElectronAppAdapter.js:62:44)
    at Object.onceWrapper (events.js:422:26)
    at App.emit (events.js:327:22)
    at App.EventEmitter.emit (domain.js:483:12)
    at App.emitter.emit (/tmp/.mount_todoisFh38pO/resources/app.asar/node_modules/@sentry/electron/dist/main/integrations/electron.js:63:25)
    at App.<anonymous> (/tmp/.mount_todoisFh38pO/resources/app.asar/webpack/electron/electron.js:1:34079)
[2022-02-21 00:25:27.228] [info] Checking for update
[2022-02-21 00:25:27.955] [info] Found version 1.0.5 (url: Todoist-1.0.5.AppImage)
[2022-02-21 00:25:27.956] [info] Downloading update from Todoist-1.0.5.AppImage
[2022-02-21 00:25:28.227] [info] Update has already been downloaded to /home/cr1m50nr34p3r/.cache/todoist-updater/pending/Todoist-1.0.5.AppImage).
[2022-02-21 00:39:08.831] [info] Auto install update on quit
[2022-02-21 00:39:08.831] [info] Install: isSilent: true, isForceRunAfter: false
[2022-02-21 00:39:08.832] [error] Error: Error: EACCES: permission denied, unlink '/opt/todoist-appimage/todoist-appimage.AppImage'
    at unlinkSync (fs.js:1140:3)
    at AppImageUpdater.doInstall (/tmp/.mount_todoiswrN4fz/resources/app.asar/node_modules/electron-updater/out/AppImageUpdater.js:146:24)
    at AppImageUpdater.install (/tmp/.mount_todoiswrN4fz/resources/app.asar/node_modules/electron-updater/out/BaseUpdater.js:71:19)
    at /tmp/.mount_todoiswrN4fz/resources/app.asar/node_modules/electron-updater/out/BaseUpdater.js:104:12
    at App.<anonymous> (/tmp/.mount_todoiswrN4fz/resources/app.asar/node_modules/electron-updater/out/ElectronAppAdapter.js:62:44)
    at Object.onceWrapper (events.js:422:26)
    at App.emit (events.js:327:22)
    at App.EventEmitter.emit (domain.js:483:12)
    at App.emitter.emit (/tmp/.mount_todoiswrN4fz/resources/app.asar/node_modules/@sentry/electron/dist/main/integrations/electron.js:63:25)
    at App.<anonymous> (/tmp/.mount_todoiswrN4fz/resources/app.asar/webpack/electron/electron.js:1:34079)
[2022-02-22 21:44:54.504] [info] Checking for update
[2022-02-22 21:45:46.157] [error] Error: Error: net::ERR_NETWORK_CHANGED
    at SimpleURLLoaderWrapper.<anonymous> (electron/js2c/browser_init.js:105:6536)
    at SimpleURLLoaderWrapper.emit (events.js:315:20)
    at SimpleURLLoaderWrapper.EventEmitter.emit (domain.js:483:12)
[2022-02-26 02:06:20.428] [info] Checking for update
[2022-02-26 02:06:26.737] [error] Error: Error: net::ERR_NAME_NOT_RESOLVED
    at SimpleURLLoaderWrapper.<anonymous> (electron/js2c/browser_init.js:105:6536)
    at SimpleURLLoaderWrapper.emit (events.js:315:20)
    at SimpleURLLoaderWrapper.EventEmitter.emit (domain.js:483:12)
