00:00:00.002352 VirtualBox DHCP Server 6.1.28 r147628 linux.amd64 (Oct 20 2021 21:54:22) release log
00:00:00.002354 Log opened 2021-11-07T06:10:28.617507000Z
00:00:00.002355 Build Type: release
00:00:00.002359 OS Product: Linux
00:00:00.002360 OS Release: 5.14.16-arch1-1
00:00:00.002362 OS Version: #1 SMP PREEMPT Tue, 02 Nov 2021 22:22:59 +0000
00:00:00.002408 DMI Product Name: Surface Pro 4
00:00:00.002429 DMI Product Version: 124000000000000000000000D:0B:09F:1C:03P:38
00:00:00.002438 Firmware type: UEFI
00:00:00.002512 Secure Boot: Disabled
00:00:00.002589 Host RAM: 3847MB (3.7GB) total, 2993MB (2.9GB) available
00:00:00.002594 Executable: /usr/lib/virtualbox/VBoxNetDHCP
00:00:00.002595 Process ID: 2670
00:00:00.002595 Package type: LINUX_64BITS_GENERIC (OSE)
00:00:00.002655 --config:  HostInterfaceNetworking-vboxnet0
00:00:00.002671 --comment: HostInterfaceNetworking-vboxnet0
00:00:00.002906 IP address:   192.168.56.100/24
00:00:00.002936 Address pool: 192.168.56.101 - 192.168.56.254
00:00:00.002986 MAC address is not specified: will use generated MAC 08:00:27:c0:ea:84
00:00:00.002998 Db::i_enterFixedAddressAssignment: 08:00:27:c0:ea:84: 192.168.56.100
00:00:00.003007 loading leases from /home/sh1n164m1/.config/VirtualBox/HostInterfaceNetworking-vboxnet0-Dhcpd.leases
00:00:00.003103 > LOAD: EXPIRED lease 192.168.56.101 to [01:08:00:27:88:51:d0] (08:00:27:88:51:d0), acked, valid from 2021-11-07T06:09:39Z for 600s until 2021-11-07T06:19:39Z
00:00:12.494905 REQUEST xid 0xc069b49f chaddr 08:00:27:88:51:d0
00:00:12.494952  ciaddr 0.0.0.0
00:00:12.494960  client id: 01 08 00 27 88 51 d0
00:00:12.494966  requested address 192.168.56.101
00:00:12.494974  params { 1 2 6 12 15 26 28 121 3 33 40 41 42 119 249 252 17 }
00:00:12.495036   12: 'kali'
00:00:12.495040   57: 02 40
00:00:12.495046 > allocateAddress 192.168.56.101 to client [01:08:00:27:88:51:d0] (08:00:27:88:51:d0)
00:00:12.495054 > ... found existing binding 192.168.56.101 to [01:08:00:27:88:51:d0] (08:00:27:88:51:d0), acked, valid from 2021-11-07T06:09:39Z for 600s until 2021-11-07T06:19:39Z
00:00:12.495067 Lease time 600 secs (default)
00:00:12.495071 writing leases to /home/sh1n164m1/.config/VirtualBox/HostInterfaceNetworking-vboxnet0-Dhcpd.leases
00:00:12.517147 >>> requested option 1 (SubnetMask)
00:00:12.517170 ... always supplied
00:00:12.517174 >>> requested option 2 (TimeOffset)
00:00:12.517178 ... not found
00:00:12.517181 >>> requested option 6 (DNSes)
00:00:12.517185 ... not found
00:00:12.517188 >>> requested option 12 (HostName)
00:00:12.517192 ... not found
00:00:12.517195 >>> requested option 15 (DomainName)
00:00:12.517199 ... not found
00:00:12.517202 >>> requested option 26 (InterfaceMTU)
00:00:12.517206 ... not found
00:00:12.517209 >>> requested option 28 (BroadcastAddress)
00:00:12.517212 ... not found
00:00:12.517216 >>> requested option 121 (unknown)
00:00:12.517219 ... not found
00:00:12.517222 >>> requested option 3 (Routers)
00:00:12.517226 ... not found
00:00:12.517229 >>> requested option 33 (StaticRoute)
00:00:12.517232 ... not found
00:00:12.517236 >>> requested option 40 (NISDomain)
00:00:12.517239 ... not found
00:00:12.517242 >>> requested option 41 (NISServers)
00:00:12.517246 ... not found
00:00:12.517249 >>> requested option 42 (NTPServers)
00:00:12.517252 ... not found
00:00:12.517256 >>> requested option 119 (DomainSearch)
00:00:12.517259 ... not found
00:00:12.517262 >>> requested option 249 (unknown)
00:00:12.517266 ... not found
00:00:12.517269 >>> requested option 252 (unknown)
00:00:12.517272 ... not found
00:00:12.517276 >>> requested option 17 (RootPath)
00:00:12.517279 ... not found
00:00:12.517285 encoding option 1 (SubnetMask)
00:00:12.517289 encoding option 51 (LeaseTime)
00:00:12.517293 ACK xid 0xc069b49f chaddr 08:00:27:88:51:d0
00:00:12.517305  ciaddr 0.0.0.0 yiaddr 192.168.56.101
00:00:12.517316 encoded message: 548 bytes
00:00:12.517318 00007f03bc002c10/0000: 02 01 06 00 9f b4 69 c0-00 00 00 00 00 00 00 00 ......i.........
00:00:12.517328 00007f03bc002c20/0010: c0 a8 38 65 00 00 00 00-00 00 00 00 08 00 27 88 ..8e..........'.
00:00:12.517330 00007f03bc002c30/0020: 51 d0 00 00 00 00 00 00-00 00 00 00 00 00 00 00 Q...............
00:00:12.517332 00007f03bc002c40/0030: 00 00 00 00 00 00 00 00-00 00 00 00 00 00 00 00 ................
00:00:12.517334 00007f03bc002c50/0040: 00 00 00 00 00 00 00 00-00 00 00 00 00 00 00 00 ................
00:00:12.517336 00007f03bc002c60/0050: 00 00 00 00 00 00 00 00-00 00 00 00 00 00 00 00 ................
00:00:12.517338 00007f03bc002c70/0060: 00 00 00 00 00 00 00 00-00 00 00 00 00 00 00 00 ................
00:00:12.517340 00007f03bc002c80/0070: 00 00 00 00 00 00 00 00-00 00 00 00 00 00 00 00 ................
00:00:12.517341 00007f03bc002c90/0080: 00 00 00 00 00 00 00 00-00 00 00 00 00 00 00 00 ................
00:00:12.517343 00007f03bc002ca0/0090: 00 00 00 00 00 00 00 00-00 00 00 00 00 00 00 00 ................
00:00:12.517345 00007f03bc002cb0/00a0: 00 00 00 00 00 00 00 00-00 00 00 00 00 00 00 00 ................
00:00:12.517347 00007f03bc002cc0/00b0: 00 00 00 00 00 00 00 00-00 00 00 00 00 00 00 00 ................
00:00:12.517349 00007f03bc002cd0/00c0: 00 00 00 00 00 00 00 00-00 00 00 00 00 00 00 00 ................
00:00:12.517351 00007f03bc002ce0/00d0: 00 00 00 00 00 00 00 00-00 00 00 00 00 00 00 00 ................
00:00:12.517352 00007f03bc002cf0/00e0: 00 00 00 00 00 00 00 00-00 00 00 00 63 82 53 63 ............c.Sc
00:00:12.517354 00007f03bc002d00/00f0: 36 04 c0 a8 38 64 35 01-05 01 04 ff ff ff 00 33 6...8d5........3
00:00:12.517356 00007f03bc002d10/0100: 04 00 00 02 58 ff 00 00-00 00 00 00 00 00 00 00 ....X...........
00:00:12.517358 00007f03bc002d20/0110: 00 00 00 00 00 00 00 00-00 00 00 00 00 00 00 00 ................
00:00:12.517360 00007f03bc002d30/0120: 00 00 00 00 00 00 00 00-00 00 00 00 00 00 00 00 ................
00:00:12.517362 00007f03bc002d40/0130: 00 00 00 00 00 00 00 00-00 00 00 00 00 00 00 00 ................
00:00:12.517364 00007f03bc002d50/0140: 00 00 00 00 00 00 00 00-00 00 00 00 00 00 00 00 ................
00:00:12.517379 00007f03bc002d60/0150: 00 00 00 00 00 00 00 00-00 00 00 00 00 00 00 00 ................
00:00:12.517383 00007f03bc002d70/0160: 00 00 00 00 00 00 00 00-00 00 00 00 00 00 00 00 ................
00:00:12.517386 00007f03bc002d80/0170: 00 00 00 00 00 00 00 00-00 00 00 00 00 00 00 00 ................
00:00:12.517389 00007f03bc002d90/0180: 00 00 00 00 00 00 00 00-00 00 00 00 00 00 00 00 ................
00:00:12.517392 00007f03bc002da0/0190: 00 00 00 00 00 00 00 00-00 00 00 00 00 00 00 00 ................
00:00:12.517395 00007f03bc002db0/01a0: 00 00 00 00 00 00 00 00-00 00 00 00 00 00 00 00 ................
00:00:12.517399 00007f03bc002dc0/01b0: 00 00 00 00 00 00 00 00-00 00 00 00 00 00 00 00 ................
00:00:12.517402 00007f03bc002dd0/01c0: 00 00 00 00 00 00 00 00-00 00 00 00 00 00 00 00 ................
00:00:12.517405 00007f03bc002de0/01d0: 00 00 00 00 00 00 00 00-00 00 00 00 00 00 00 00 ................
00:00:12.517408 00007f03bc002df0/01e0: 00 00 00 00 00 00 00 00-00 00 00 00 00 00 00 00 ................
00:00:12.517412 00007f03bc002e00/01f0: 00 00 00 00 00 00 00 00-00 00 00 00 00 00 00 00 ................
00:00:12.517415 00007f03bc002e10/0200: 00 00 00 00 00 00 00 00-00 00 00 00 00 00 00 00 ................
00:00:12.517417 00007f03bc002e20/0210: 00 00 00 00 00 00 00 00-00 00 00 00 00 00 00 00 ................
00:00:12.517419 00007f03bc002e30/0220: 00 00 00 00                                     ....
