00:00:00.003552 main     VirtualBox XPCOM Server 6.1.30 r148432 linux.amd64 (Nov 22 2021 19:44:56) release log
00:00:00.003554 main     Log opened 2021-11-28T03:40:39.427794000Z
00:00:00.003555 main     Build Type: release
00:00:00.003557 main     OS Product: Linux
00:00:00.003558 main     OS Release: 5.15.4-arch1-1
00:00:00.003559 main     OS Version: #1 SMP PREEMPT Sun, 21 Nov 2021 21:34:33 +0000
00:00:00.003576 main     DMI Product Name: Surface Pro 4
00:00:00.003584 main     DMI Product Version: 124000000000000000000000D:0B:09F:1C:03P:38
00:00:00.003588 main     Firmware type: UEFI
00:00:00.003619 main     Secure Boot: Disabled
00:00:00.003651 main     Host RAM: 3845MB (3.7GB) total, 3135MB (3.0GB) available
00:00:00.003654 main     Executable: /usr/lib/virtualbox/VBoxSVC
00:00:00.003654 main     Process ID: 1086
00:00:00.003655 main     Package type: LINUX_64BITS_GENERIC (OSE)
00:00:00.004912 main     IPC socket path: /tmp/.vbox-sh1n164m1-ipc/ipcd
00:00:00.110150 nspr-2   VirtualBox: object creation starts
00:00:00.110271 nspr-2   Home directory: '/home/sh1n164m1/.config/VirtualBox'
00:00:00.110590 nspr-2   Loading settings file "/home/sh1n164m1/.config/VirtualBox/VirtualBox.xml" with version "1.14-linux"
00:00:00.113634 nspr-2   Successfully initialised host USB using sysfs
00:00:00.155619 nspr-2   NetIfAdpCtlOut: VBoxNetAdpCtl: Error while retrieving link status for mlan0: VBoxNetAdpCtl: ioctl failed: Operation not supported
00:00:00.157256 nspr-2   HostDnsMonitor: initializing
00:00:00.157862 nspr-2   NAT: resolv.conf: nameserver 192.168.1.1
00:00:00.157894 nspr-2   HostDnsMonitor: updating information
00:00:00.157919 nspr-2   HostDnsMonitor: old information
00:00:00.157926 nspr-2     no server entries
00:00:00.157932 nspr-2     no domain set
00:00:00.157938 nspr-2     no search string entries
00:00:00.157944 nspr-2   HostDnsMonitor: new information
00:00:00.157949 nspr-2     server 1: 192.168.1.1
00:00:00.157956 nspr-2     no domain set
00:00:00.157961 nspr-2     no search string entries
00:00:00.201018 nspr-2   VD: VDInit finished with VINF_SUCCESS
00:00:00.205849 nspr-2   Loading settings file "/home/sh1n164m1/VMs/CrimsonBlade/CrimsonBlade.vbox" with version "1.17-linux"
00:00:00.206637 nspr-2   OCI: Local config file '/home/sh1n164m1/.config/VirtualBox/oci_config' does not exist
00:00:00.206655 nspr-2   OCI: Original config file '/home/sh1n164m1/.oci/config' does not exist
00:00:00.206659 nspr-2   OCI: Reading profiles finished with status NS_OK
00:00:00.206666 nspr-2   ExtPack: Created cloud provider 'OCI' (hrc=NS_OK)
00:00:00.206678 nspr-2   VirtualBox: object created
00:00:00.210563 nspr-2   Launched VM: 2214926608 pid: 1113 (0x459) frontend: GUI/Qt name: CrimsonBlade
00:00:01.353040 nspr-2   Load [/usr/lib/virtualbox/ExtensionPacks/Oracle_VM_VirtualBox_Extension_Pack/linux.amd64/VBoxHostWebcam.so] vrc=VINF_SUCCESS
00:00:01.432598 nspr-2   ERROR [COM]: aRC=VBOX_E_IPRT_ERROR (0x80bb0005) aIID={85632c68-b5bb-4316-a900-5eb28d3413df} aComponent={SessionMachine} aText={Saved screenshot data is not available (VERR_NOT_SUPPORTED)}, preserve=false aResultDetail=-37
00:00:01.454217 nspr-2   NetIfAdpCtlOut: VBoxNetAdpCtl: Error while retrieving link status for mlan0: VBoxNetAdpCtl: ioctl failed: Operation not supported
00:01:22.896706 nspr-5   Saving settings file "/home/sh1n164m1/VMs/CrimsonBlade/CrimsonBlade.vbox" with version "1.17-linux"
00:01:32.083832 nspr-3   Saving settings file "/home/sh1n164m1/VMs/CrimsonBlade/CrimsonBlade.vbox" with version "1.17-linux"
00:02:04.948144 nspr-4   Saving settings file "/home/sh1n164m1/VMs/CrimsonBlade/CrimsonBlade.vbox" with version "1.17-linux"
00:02:05.750813 nspr-5   Saving settings file "/home/sh1n164m1/VMs/CrimsonBlade/CrimsonBlade.vbox" with version "1.17-linux"
00:38:32.093227 nspr-2   Saving settings file "/home/sh1n164m1/VMs/CrimsonBlade/CrimsonBlade.vbox" with version "1.17-linux"
01:13:55.175364 nspr-5   Saving settings file "/home/sh1n164m1/VMs/CrimsonBlade/CrimsonBlade.vbox" with version "1.17-linux"
01:42:16.505958 nspr-6   Saving settings file "/home/sh1n164m1/VMs/CrimsonBlade/CrimsonBlade.vbox" with version "1.17-linux"
01:42:19.749185 nspr-3   Saving settings file "/home/sh1n164m1/VMs/CrimsonBlade/CrimsonBlade.vbox" with version "1.17-linux"
01:54:04.187455 nspr-6   Saving settings file "/home/sh1n164m1/VMs/CrimsonBlade/CrimsonBlade.vbox" with version "1.17-linux"
01:54:09.657763 nspr-6   Saving settings file "/home/sh1n164m1/VMs/CrimsonBlade/CrimsonBlade.vbox" with version "1.17-linux"
01:55:25.839578 nspr-6   Saving settings file "/home/sh1n164m1/VMs/CrimsonBlade/CrimsonBlade.vbox" with version "1.17-linux"
01:55:27.616665 nspr-3   Saving settings file "/home/sh1n164m1/VMs/CrimsonBlade/CrimsonBlade.vbox" with version "1.17-linux"
01:55:46.012258 nspr-3   Saving settings file "/home/sh1n164m1/VMs/CrimsonBlade/CrimsonBlade.vbox" with version "1.17-linux"
01:55:48.117091 nspr-4   Saving settings file "/home/sh1n164m1/VMs/CrimsonBlade/CrimsonBlade.vbox" with version "1.17-linux"
02:07:20.127064 nspr-2   Saving settings file "/home/sh1n164m1/VMs/CrimsonBlade/CrimsonBlade.vbox" with version "1.17-linux"
02:07:47.848038 nspr-4   Saving settings file "/home/sh1n164m1/VMs/CrimsonBlade/CrimsonBlade.vbox" with version "1.17-linux"
02:23:03.030769 nspr-3   Saving settings file "/home/sh1n164m1/VMs/CrimsonBlade/CrimsonBlade.vbox" with version "1.17-linux"
02:23:29.875240 nspr-3   Saving settings file "/home/sh1n164m1/VMs/CrimsonBlade/CrimsonBlade.vbox" with version "1.17-linux"
02:32:50.870572 nspr-6   Saving settings file "/home/sh1n164m1/VMs/CrimsonBlade/CrimsonBlade.vbox" with version "1.17-linux"
02:32:56.444176 nspr-2   Saving settings file "/home/sh1n164m1/VMs/CrimsonBlade/CrimsonBlade.vbox" with version "1.17-linux"
02:33:08.021251 nspr-3   Saving settings file "/home/sh1n164m1/VMs/CrimsonBlade/CrimsonBlade.vbox" with version "1.17-linux"
02:33:08.092965 nspr-3   Saving settings file "/home/sh1n164m1/VMs/CrimsonBlade/CrimsonBlade.vbox" with version "1.17-linux"
02:33:09.285651 nspr-5   Saving settings file "/home/sh1n164m1/VMs/CrimsonBlade/CrimsonBlade.vbox" with version "1.17-linux"
02:33:11.806658 nspr-4   Saving settings file "/home/sh1n164m1/VMs/CrimsonBlade/CrimsonBlade.vbox" with version "1.17-linux"
02:37:12.491261 nspr-3   Saving settings file "/home/sh1n164m1/VMs/CrimsonBlade/CrimsonBlade.vbox" with version "1.17-linux"
02:37:52.056911 nspr-6   Saving settings file "/home/sh1n164m1/VMs/CrimsonBlade/CrimsonBlade.vbox" with version "1.17-linux"
03:03:08.511904 nspr-5   Saving settings file "/home/sh1n164m1/VMs/CrimsonBlade/CrimsonBlade.vbox" with version "1.17-linux"
03:04:09.529570 nspr-5   Saving settings file "/home/sh1n164m1/VMs/CrimsonBlade/CrimsonBlade.vbox" with version "1.17-linux"
04:10:57.175074 nspr-4   Saving settings file "/home/sh1n164m1/VMs/CrimsonBlade/CrimsonBlade.vbox" with version "1.17-linux"
04:11:05.869121 nspr-6   Saving settings file "/home/sh1n164m1/VMs/CrimsonBlade/CrimsonBlade.vbox" with version "1.17-linux"
04:11:07.323127 nspr-4   Saving settings file "/home/sh1n164m1/VMs/CrimsonBlade/CrimsonBlade.vbox" with version "1.17-linux"
04:11:07.852022 nspr-5   Saving settings file "/home/sh1n164m1/VMs/CrimsonBlade/CrimsonBlade.vbox" with version "1.17-linux"
05:43:14.194375 nspr-3   Saving settings file "/home/sh1n164m1/VMs/CrimsonBlade/CrimsonBlade.vbox" with version "1.17-linux"
05:44:50.760907 nspr-3   Saving settings file "/home/sh1n164m1/VMs/CrimsonBlade/CrimsonBlade.vbox" with version "1.17-linux"
05:44:53.196954 nspr-6   Saving settings file "/home/sh1n164m1/VMs/CrimsonBlade/CrimsonBlade.vbox" with version "1.17-linux"
05:45:08.757541 nspr-3   Saving settings file "/home/sh1n164m1/VMs/CrimsonBlade/CrimsonBlade.vbox" with version "1.17-linux"
05:58:36.477167 nspr-2   Saving settings file "/home/sh1n164m1/VMs/CrimsonBlade/CrimsonBlade.vbox" with version "1.17-linux"
06:01:00.490618 nspr-3   Saving settings file "/home/sh1n164m1/VMs/CrimsonBlade/CrimsonBlade.vbox" with version "1.17-linux"
06:01:04.768639 nspr-4   Saving settings file "/home/sh1n164m1/VMs/CrimsonBlade/CrimsonBlade.vbox" with version "1.17-linux"
08:05:53.033866 nspr-2   Saving settings file "/home/sh1n164m1/VMs/CrimsonBlade/CrimsonBlade.vbox" with version "1.17-linux"
08:06:32.340895 nspr-2   Saving settings file "/home/sh1n164m1/VMs/CrimsonBlade/CrimsonBlade.vbox" with version "1.17-linux"
08:06:32.406939 nspr-4   Saving settings file "/home/sh1n164m1/VMs/CrimsonBlade/CrimsonBlade.vbox" with version "1.17-linux"
08:06:37.973024 main     VirtualBox: object deletion starts
08:06:37.973275 main     ERROR [COM]: aRC=VBOX_E_OBJECT_IN_USE (0x80bb000c) aIID={ad47ad09-787b-44ab-b343-a082a3f2dfb1} aComponent={MediumWrap} aText={Medium '/home/sh1n164m1/VMs/CrimsonBlade/Kali-Linux-2021.3-vbox-amd64-disk001.vdi' cannot be closed because it is still attached to 1 virtual machines}, preserve=false aResultDetail=0
08:06:37.987537 main     HostDnsMonitor: shutting down ...
08:06:37.997088 main     HostDnsMonitor: shut down
08:06:38.293254 Watcher  ERROR [COM]: aRC=E_ACCESSDENIED (0x80070005) aIID={d0a0163f-e254-4e5b-a1f2-011cf991c38d} aComponent={VirtualBoxWrap} aText={The object is not ready}, preserve=false aResultDetail=0
08:06:38.293500 main     VirtualBox: object deleted
